
Euristica banala
***********************
Solutii obtinute cu A*:


Euristica admisibila 1
***********************
Solutii obtinute cu A*:


Euristica admisibila 2
***********************
Solutii obtinute cu A*:


Euristica neadmisibila
***********************
Solutii obtinute cu A*:


Euristica banala
***********************
Solutii obtinute cu UCS:


Euristica admisibila 1
***********************
Solutii obtinute cu UCS:


Euristica admisibila 2
***********************
Solutii obtinute cu UCS:


Euristica neadmisibila
***********************
Solutii obtinute cu UCS:


Euristica banala
***********************
Solutii obtinute cu A* optimizat:


Euristica admisibila 1
***********************
Solutii obtinute cu A* optimizat:


Euristica admisibila 2
***********************
Solutii obtinute cu A* optimizat:


Euristica neadmisibila
***********************
Solutii obtinute cu A* optimizat:

