
Euristica banala
***********************
Solutii obtinute cu A*:

1)
Pe malul de est se gasesc:
Taranul 4 verze 2 capre 1 lupi
Pe malul de vest se gasesc:
0 verze 0 capre 0 lupi, magazie: 0
Barca pleaca de la est la vest cu container A: 1lupi, container B: 1verze

2)
Pe malul de est se gasesc:
3 verze 2 capre 0 lupi
Pe malul de vest se gasesc:
Taranul 1 verze 0 capre 1 lupi, magazie: 0
Dupa ce au mancat pe malul est: 1 verze 2 capre 0 lupi
Barca pleaca de la vest la est cu container A: 0, container B: 0

3)
Pe malul de est se gasesc:
Taranul 1 verze 2 capre 0 lupi
Pe malul de vest se gasesc:
1 verze 0 capre 1 lupi, magazie: 0
Dupa ce au mancat pe malul vest: 1 verze 0 capre 1 lupi
Barca pleaca de la est la vest cu container A: 1capre, container B: 0

4)
Pe malul de est se gasesc:
1 verze 1 capre 0 lupi
Pe malul de vest se gasesc:
Taranul 1 verze 1 capre 1 lupi, magazie: 0



----------------


Euristica admisibila 1
***********************
Solutii obtinute cu A*:

1)
Pe malul de est se gasesc:
Taranul 4 verze 2 capre 1 lupi
Pe malul de vest se gasesc:
0 verze 0 capre 0 lupi, magazie: 0
Barca pleaca de la est la vest cu container A: 1lupi, container B: 1verze

2)
Pe malul de est se gasesc:
3 verze 2 capre 0 lupi
Pe malul de vest se gasesc:
Taranul 1 verze 0 capre 1 lupi, magazie: 0
Dupa ce au mancat pe malul est: 1 verze 2 capre 0 lupi
Barca pleaca de la vest la est cu container A: 0, container B: 0

3)
Pe malul de est se gasesc:
Taranul 1 verze 2 capre 0 lupi
Pe malul de vest se gasesc:
1 verze 0 capre 1 lupi, magazie: 0
Dupa ce au mancat pe malul vest: 1 verze 0 capre 1 lupi
Barca pleaca de la est la vest cu container A: 1capre, container B: 0

4)
Pe malul de est se gasesc:
1 verze 1 capre 0 lupi
Pe malul de vest se gasesc:
Taranul 1 verze 1 capre 1 lupi, magazie: 0



----------------


Euristica admisibila 2
***********************
Solutii obtinute cu A*:

1)
Pe malul de est se gasesc:
Taranul 4 verze 2 capre 1 lupi
Pe malul de vest se gasesc:
0 verze 0 capre 0 lupi, magazie: 0
Barca pleaca de la est la vest cu container A: 1lupi, container B: 1verze

2)
Pe malul de est se gasesc:
3 verze 2 capre 0 lupi
Pe malul de vest se gasesc:
Taranul 1 verze 0 capre 1 lupi, magazie: 0
Dupa ce au mancat pe malul est: 1 verze 2 capre 0 lupi
Barca pleaca de la vest la est cu container A: 0, container B: 0

3)
Pe malul de est se gasesc:
Taranul 1 verze 2 capre 0 lupi
Pe malul de vest se gasesc:
1 verze 0 capre 1 lupi, magazie: 0
Dupa ce au mancat pe malul vest: 1 verze 0 capre 1 lupi
Barca pleaca de la est la vest cu container A: 1capre, container B: 0

4)
Pe malul de est se gasesc:
1 verze 1 capre 0 lupi
Pe malul de vest se gasesc:
Taranul 1 verze 1 capre 1 lupi, magazie: 0



----------------


Euristica neadmisibila
***********************
Solutii obtinute cu A*:

1)
Pe malul de est se gasesc:
Taranul 4 verze 2 capre 1 lupi
Pe malul de vest se gasesc:
0 verze 0 capre 0 lupi, magazie: 0
Barca pleaca de la est la vest cu container A: 2verze, container B: 0

2)
Pe malul de est se gasesc:
2 verze 2 capre 1 lupi
Pe malul de vest se gasesc:
Taranul 2 verze 0 capre 0 lupi, magazie: 0
Dupa ce au mancat pe malul est: 0 verze 1 capre 1 lupi
Barca pleaca de la vest la est cu container A: 0, container B: 0

3)
Pe malul de est se gasesc:
Taranul 0 verze 1 capre 1 lupi
Pe malul de vest se gasesc:
2 verze 0 capre 0 lupi, magazie: 0
Dupa ce au mancat pe malul vest: 2 verze 0 capre 0 lupi
Barca pleaca de la est la vest cu container A: 1lupi, container B: 1capre

4)
Pe malul de est se gasesc:
0 verze 0 capre 0 lupi
Pe malul de vest se gasesc:
Taranul 2 verze 1 capre 1 lupi, magazie: 0



----------------


Euristica banala
***********************
Solutii obtinute cu UCS:

1)
Pe malul de est se gasesc:
Taranul 4 verze 2 capre 1 lupi
Pe malul de vest se gasesc:
0 verze 0 capre 0 lupi, magazie: 0
Barca pleaca de la est la vest cu container A: 1lupi, container B: 1verze

2)
Pe malul de est se gasesc:
3 verze 2 capre 0 lupi
Pe malul de vest se gasesc:
Taranul 1 verze 0 capre 1 lupi, magazie: 0
Dupa ce au mancat pe malul est: 1 verze 2 capre 0 lupi
Barca pleaca de la vest la est cu container A: 0, container B: 0

3)
Pe malul de est se gasesc:
Taranul 1 verze 2 capre 0 lupi
Pe malul de vest se gasesc:
1 verze 0 capre 1 lupi, magazie: 0
Dupa ce au mancat pe malul vest: 1 verze 0 capre 1 lupi
Barca pleaca de la est la vest cu container A: 1capre, container B: 0

4)
Pe malul de est se gasesc:
1 verze 1 capre 0 lupi
Pe malul de vest se gasesc:
Taranul 1 verze 1 capre 1 lupi, magazie: 0



----------------


Euristica admisibila 1
***********************
Solutii obtinute cu UCS:

1)
Pe malul de est se gasesc:
Taranul 4 verze 2 capre 1 lupi
Pe malul de vest se gasesc:
0 verze 0 capre 0 lupi, magazie: 0
Barca pleaca de la est la vest cu container A: 1lupi, container B: 1verze

2)
Pe malul de est se gasesc:
3 verze 2 capre 0 lupi
Pe malul de vest se gasesc:
Taranul 1 verze 0 capre 1 lupi, magazie: 0
Dupa ce au mancat pe malul est: 1 verze 2 capre 0 lupi
Barca pleaca de la vest la est cu container A: 0, container B: 0

3)
Pe malul de est se gasesc:
Taranul 1 verze 2 capre 0 lupi
Pe malul de vest se gasesc:
1 verze 0 capre 1 lupi, magazie: 0
Dupa ce au mancat pe malul vest: 1 verze 0 capre 1 lupi
Barca pleaca de la est la vest cu container A: 1capre, container B: 0

4)
Pe malul de est se gasesc:
1 verze 1 capre 0 lupi
Pe malul de vest se gasesc:
Taranul 1 verze 1 capre 1 lupi, magazie: 0



----------------


Euristica admisibila 2
***********************
Solutii obtinute cu UCS:

1)
Pe malul de est se gasesc:
Taranul 4 verze 2 capre 1 lupi
Pe malul de vest se gasesc:
0 verze 0 capre 0 lupi, magazie: 0
Barca pleaca de la est la vest cu container A: 1lupi, container B: 1verze

2)
Pe malul de est se gasesc:
3 verze 2 capre 0 lupi
Pe malul de vest se gasesc:
Taranul 1 verze 0 capre 1 lupi, magazie: 0
Dupa ce au mancat pe malul est: 1 verze 2 capre 0 lupi
Barca pleaca de la vest la est cu container A: 0, container B: 0

3)
Pe malul de est se gasesc:
Taranul 1 verze 2 capre 0 lupi
Pe malul de vest se gasesc:
1 verze 0 capre 1 lupi, magazie: 0
Dupa ce au mancat pe malul vest: 1 verze 0 capre 1 lupi
Barca pleaca de la est la vest cu container A: 1capre, container B: 0

4)
Pe malul de est se gasesc:
1 verze 1 capre 0 lupi
Pe malul de vest se gasesc:
Taranul 1 verze 1 capre 1 lupi, magazie: 0



----------------


Euristica neadmisibila
***********************
Solutii obtinute cu UCS:

1)
Pe malul de est se gasesc:
Taranul 4 verze 2 capre 1 lupi
Pe malul de vest se gasesc:
0 verze 0 capre 0 lupi, magazie: 0
Barca pleaca de la est la vest cu container A: 1lupi, container B: 1verze

2)
Pe malul de est se gasesc:
3 verze 2 capre 0 lupi
Pe malul de vest se gasesc:
Taranul 1 verze 0 capre 1 lupi, magazie: 0
Dupa ce au mancat pe malul est: 1 verze 2 capre 0 lupi
Barca pleaca de la vest la est cu container A: 0, container B: 0

3)
Pe malul de est se gasesc:
Taranul 1 verze 2 capre 0 lupi
Pe malul de vest se gasesc:
1 verze 0 capre 1 lupi, magazie: 0
Dupa ce au mancat pe malul vest: 1 verze 0 capre 1 lupi
Barca pleaca de la est la vest cu container A: 1capre, container B: 0

4)
Pe malul de est se gasesc:
1 verze 1 capre 0 lupi
Pe malul de vest se gasesc:
Taranul 1 verze 1 capre 1 lupi, magazie: 0



----------------


Euristica banala
***********************
Solutii obtinute cu A* optimizat:

1)
Pe malul de est se gasesc:
Taranul 4 verze 2 capre 1 lupi
Pe malul de vest se gasesc:
0 verze 0 capre 0 lupi, magazie: 0
Barca pleaca de la est la vest cu container A: 1lupi, container B: 0

2)
Pe malul de est se gasesc:
4 verze 2 capre 0 lupi
Pe malul de vest se gasesc:
Taranul 0 verze 0 capre 1 lupi, magazie: 0
Dupa ce au mancat pe malul est: 2 verze 2 capre 0 lupi
Barca pleaca de la vest la est cu container A: 0, container B: 0

3)
Pe malul de est se gasesc:
Taranul 2 verze 2 capre 0 lupi
Pe malul de vest se gasesc:
0 verze 0 capre 1 lupi, magazie: 0
Dupa ce au mancat pe malul vest: 0 verze 0 capre 1 lupi
Barca pleaca de la est la vest cu container A: 1capre, container B: 1verze

4)
Pe malul de est se gasesc:
1 verze 1 capre 0 lupi
Pe malul de vest se gasesc:
Taranul 1 verze 1 capre 1 lupi, magazie: 0



----------------


Euristica admisibila 1
***********************
Solutii obtinute cu A* optimizat:

1)
Pe malul de est se gasesc:
Taranul 4 verze 2 capre 1 lupi
Pe malul de vest se gasesc:
0 verze 0 capre 0 lupi, magazie: 0
Barca pleaca de la est la vest cu container A: 1lupi, container B: 0

2)
Pe malul de est se gasesc:
4 verze 2 capre 0 lupi
Pe malul de vest se gasesc:
Taranul 0 verze 0 capre 1 lupi, magazie: 0
Dupa ce au mancat pe malul est: 2 verze 2 capre 0 lupi
Barca pleaca de la vest la est cu container A: 0, container B: 0

3)
Pe malul de est se gasesc:
Taranul 2 verze 2 capre 0 lupi
Pe malul de vest se gasesc:
0 verze 0 capre 1 lupi, magazie: 0
Dupa ce au mancat pe malul vest: 0 verze 0 capre 1 lupi
Barca pleaca de la est la vest cu container A: 1capre, container B: 1verze

4)
Pe malul de est se gasesc:
1 verze 1 capre 0 lupi
Pe malul de vest se gasesc:
Taranul 1 verze 1 capre 1 lupi, magazie: 0



----------------


Euristica admisibila 2
***********************
Solutii obtinute cu A* optimizat:

1)
Pe malul de est se gasesc:
Taranul 4 verze 2 capre 1 lupi
Pe malul de vest se gasesc:
0 verze 0 capre 0 lupi, magazie: 0
Barca pleaca de la est la vest cu container A: 1lupi, container B: 0

2)
Pe malul de est se gasesc:
4 verze 2 capre 0 lupi
Pe malul de vest se gasesc:
Taranul 0 verze 0 capre 1 lupi, magazie: 0
Dupa ce au mancat pe malul est: 2 verze 2 capre 0 lupi
Barca pleaca de la vest la est cu container A: 0, container B: 0

3)
Pe malul de est se gasesc:
Taranul 2 verze 2 capre 0 lupi
Pe malul de vest se gasesc:
0 verze 0 capre 1 lupi, magazie: 0
Dupa ce au mancat pe malul vest: 0 verze 0 capre 1 lupi
Barca pleaca de la est la vest cu container A: 1capre, container B: 1verze

4)
Pe malul de est se gasesc:
1 verze 1 capre 0 lupi
Pe malul de vest se gasesc:
Taranul 1 verze 1 capre 1 lupi, magazie: 0



----------------


Euristica neadmisibila
***********************
Solutii obtinute cu A* optimizat:

1)
Pe malul de est se gasesc:
Taranul 4 verze 2 capre 1 lupi
Pe malul de vest se gasesc:
0 verze 0 capre 0 lupi, magazie: 0
Barca pleaca de la est la vest cu container A: 1verze, container B: 0

2)
Pe malul de est se gasesc:
3 verze 2 capre 1 lupi
Pe malul de vest se gasesc:
Taranul 1 verze 0 capre 0 lupi, magazie: 0
Dupa ce au mancat pe malul est: 1 verze 1 capre 1 lupi
Barca pleaca de la vest la est cu container A: 0, container B: 0

3)
Pe malul de est se gasesc:
Taranul 1 verze 1 capre 1 lupi
Pe malul de vest se gasesc:
1 verze 0 capre 0 lupi, magazie: 0
Dupa ce au mancat pe malul vest: 1 verze 0 capre 0 lupi
Barca pleaca de la est la vest cu container A: 1lupi, container B: 0

4)
Pe malul de est se gasesc:
1 verze 1 capre 0 lupi
Pe malul de vest se gasesc:
Taranul 1 verze 0 capre 1 lupi, magazie: 0
Dupa ce au mancat pe malul est: 0 verze 1 capre 0 lupi
Barca pleaca de la vest la est cu container A: 0, container B: 0

5)
Pe malul de est se gasesc:
Taranul 0 verze 1 capre 0 lupi
Pe malul de vest se gasesc:
1 verze 0 capre 1 lupi, magazie: 0
Dupa ce au mancat pe malul vest: 1 verze 0 capre 1 lupi
Barca pleaca de la est la vest cu container A: 1capre, container B: 0

6)
Pe malul de est se gasesc:
0 verze 0 capre 0 lupi
Pe malul de vest se gasesc:
Taranul 1 verze 1 capre 1 lupi, magazie: 0



----------------

